<?xml version="1.0" encoding="UTF-8"?>
<!-- Generated by org.testng.reporters.JUnitXMLReporter -->
<testsuite hostname="LAPTOP-FEM2N9O3" ignored="18" name="Default test" tests="2" failures="1" timestamp="07 Jul 2020 02:57:01 GMT" time="103.864" errors="0">
  <testcase name="persoinfo" time="36.628" classname="com.tour.test.SmokeTest"/>
  <testcase name="sign" time="31.346" classname="com.tour.test.SmokeTest">
    <failure type="org.openqa.selenium.WebDriverException" message="chrome not reachable
  (Session info: chrome=83.0.4103.97)
Build info: version: &amp;apos;3.141.59&amp;apos;, revision: &amp;apos;e82be7d358&amp;apos;, time: &amp;apos;2018-11-14T08:17:03&amp;apos;
System info: host: &amp;apos;LAPTOP-FEM2N9O3&amp;apos;, ip: &amp;apos;192.168.99.1&amp;apos;, os.name: &amp;apos;Windows 10&amp;apos;, os.arch: &amp;apos;amd64&amp;apos;, os.version: &amp;apos;10.0&amp;apos;, java.version: &amp;apos;1.8.0_191&amp;apos;
Driver info: org.openqa.selenium.chrome.ChromeDriver
Capabilities {acceptInsecureCerts: false, browserName: chrome, browserVersion: 83.0.4103.97, chrome: {chromedriverVersion: 83.0.4103.39 (ccbf011cb2d2b..., userDataDir: C:\Users\nawar\AppData\Loca...}, goog:chromeOptions: {debuggerAddress: localhost:61674}, javascriptEnabled: true, networkConnectionEnabled: false, pageLoadStrategy: normal, platform: WINDOWS, platformName: WINDOWS, proxy: Proxy(), setWindowRect: true, strictFileInteractability: false, timeouts: {implicit: 0, pageLoad: 300000, script: 30000}, unhandledPromptBehavior: dismiss and notify, webauthn:virtualAuthenticators: true}
Session ID: 5601286c08ce9eab31d0a5f0fcf061be
*** Element info: {Using=xpath, value=/html/body/div/table/tbody/tr/td[2]/table/tbody/tr[4]/td/table/tbody/tr/td[2]/table/tbody/tr[5]/td/form/table/tbody/tr[2]/td[2]/b/font/input[2]}">
      <![CDATA[org.openqa.selenium.WebDriverException: chrome not reachable
  (Session info: chrome=83.0.4103.97)
Build info: version: '3.141.59', revision: 'e82be7d358', time: '2018-11-14T08:17:03'
System info: host: 'LAPTOP-FEM2N9O3', ip: '192.168.99.1', os.name: 'Windows 10', os.arch: 'amd64', os.version: '10.0', java.version: '1.8.0_191'
Driver info: org.openqa.selenium.chrome.ChromeDriver
Capabilities {acceptInsecureCerts: false, browserName: chrome, browserVersion: 83.0.4103.97, chrome: {chromedriverVersion: 83.0.4103.39 (ccbf011cb2d2b..., userDataDir: C:\Users\nawar\AppData\Loca...}, goog:chromeOptions: {debuggerAddress: localhost:61674}, javascriptEnabled: true, networkConnectionEnabled: false, pageLoadStrategy: normal, platform: WINDOWS, platformName: WINDOWS, proxy: Proxy(), setWindowRect: true, strictFileInteractability: false, timeouts: {implicit: 0, pageLoad: 300000, script: 30000}, unhandledPromptBehavior: dismiss and notify, webauthn:virtualAuthenticators: true}
Session ID: 5601286c08ce9eab31d0a5f0fcf061be
*** Element info: {Using=xpath, value=/html/body/div/table/tbody/tr/td[2]/table/tbody/tr[4]/td/table/tbody/tr/td[2]/table/tbody/tr[5]/td/form/table/tbody/tr[2]/td[2]/b/font/input[2]}
at sun.reflect.NativeConstructorAccessorImpl.newInstance0(Native Method)
at sun.reflect.NativeConstructorAccessorImpl.newInstance(NativeConstructorAccessorImpl.java:62)
at sun.reflect.DelegatingConstructorAccessorImpl.newInstance(DelegatingConstructorAccessorImpl.java:45)
at java.lang.reflect.Constructor.newInstance(Constructor.java:423)
at org.openqa.selenium.remote.http.W3CHttpResponseCodec.createException(W3CHttpResponseCodec.java:187)
at org.openqa.selenium.remote.http.W3CHttpResponseCodec.decode(W3CHttpResponseCodec.java:122)
at org.openqa.selenium.remote.http.W3CHttpResponseCodec.decode(W3CHttpResponseCodec.java:49)
at org.openqa.selenium.remote.HttpCommandExecutor.execute(HttpCommandExecutor.java:158)
at org.openqa.selenium.remote.service.DriverCommandExecutor.execute(DriverCommandExecutor.java:83)
at org.openqa.selenium.remote.RemoteWebDriver.execute(RemoteWebDriver.java:552)
at org.openqa.selenium.remote.RemoteWebDriver.findElement(RemoteWebDriver.java:323)
at org.openqa.selenium.remote.RemoteWebDriver.findElementByXPath(RemoteWebDriver.java:428)
at org.openqa.selenium.By$ByXPath.findElement(By.java:353)
at org.openqa.selenium.remote.RemoteWebDriver.findElement(RemoteWebDriver.java:315)
at com.tour.library.GlobalSeleniumLibrary.clickButton(GlobalSeleniumLibrary.java:183)
at come.tour.page.HomePage.flightfinder(HomePage.java:91)
at com.tour.test.SmokeTest.sign(SmokeTest.java:142)
at sun.reflect.NativeMethodAccessorImpl.invoke0(Native Method)
at sun.reflect.NativeMethodAccessorImpl.invoke(NativeMethodAccessorImpl.java:62)
at sun.reflect.DelegatingMethodAccessorImpl.invoke(DelegatingMethodAccessorImpl.java:43)
at java.lang.reflect.Method.invoke(Method.java:498)
at org.testng.internal.MethodInvocationHelper.invokeMethod(MethodInvocationHelper.java:124)
at org.testng.internal.Invoker.invokeMethod(Invoker.java:583)
at org.testng.internal.Invoker.invokeTestMethod(Invoker.java:719)
at org.testng.internal.Invoker.invokeTestMethods(Invoker.java:989)
at org.testng.internal.TestMethodWorker.invokeTestMethods(TestMethodWorker.java:125)
at org.testng.internal.TestMethodWorker.run(TestMethodWorker.java:109)
at org.testng.TestRunner.privateRun(TestRunner.java:648)
at org.testng.TestRunner.run(TestRunner.java:505)
at org.testng.SuiteRunner.runTest(SuiteRunner.java:455)
at org.testng.SuiteRunner.runSequentially(SuiteRunner.java:450)
at org.testng.SuiteRunner.privateRun(SuiteRunner.java:415)
at org.testng.SuiteRunner.run(SuiteRunner.java:364)
at org.testng.SuiteRunnerWorker.runSuite(SuiteRunnerWorker.java:52)
at org.testng.SuiteRunnerWorker.run(SuiteRunnerWorker.java:84)
at org.testng.TestNG.runSuitesSequentially(TestNG.java:1208)
at org.testng.TestNG.runSuitesLocally(TestNG.java:1137)
at org.testng.TestNG.runSuites(TestNG.java:1049)
at org.testng.TestNG.run(TestNG.java:1017)
at org.testng.remote.AbstractRemoteTestNG.run(AbstractRemoteTestNG.java:114)
at org.testng.remote.RemoteTestNG.initAndRun(RemoteTestNG.java:251)
at org.testng.remote.RemoteTestNG.main(RemoteTestNG.java:77)
]]>
    </failure>
  </testcase> <!-- sign -->
  <testcase name="func" time="0.0" classname="com.tour.test.SmokeTest">
    <ignored/>
  </testcase> <!-- func -->
  <testcase name="sidebar" time="0.0" classname="com.tour.test.SmokeTest">
    <ignored/>
  </testcase> <!-- sidebar -->
  <testcase name="subfunction" time="0.0" classname="com.tour.test.SmokeTest">
    <ignored/>
  </testcase> <!-- subfunction -->
  <testcase name="function" time="0.0" classname="com.tour.test.SmokeTest">
    <ignored/>
  </testcase> <!-- function -->
  <testcase name="signin" time="0.0" classname="com.tour.test.SmokeTest">
    <ignored/>
  </testcase> <!-- signin -->
  <testcase name="contact" time="0.0" classname="com.tour.test.SmokeTest">
    <ignored/>
  </testcase> <!-- contact -->
  <testcase name="bar1" time="0.0" classname="com.tour.test.SmokeTest">
    <ignored/>
  </testcase> <!-- bar1 -->
  <testcase name="findflight" time="0.0" classname="com.tour.test.SmokeTest">
    <ignored/>
  </testcase> <!-- findflight -->
  <testcase name="ticketfinder" time="0.0" classname="com.tour.test.SmokeTest">
    <ignored/>
  </testcase> <!-- ticketfinder -->
  <testcase name="bar2" time="0.0" classname="com.tour.test.SmokeTest">
    <ignored/>
  </testcase> <!-- bar2 -->
  <testcase name="signinac" time="0.0" classname="com.tour.test.SmokeTest">
    <ignored/>
  </testcase> <!-- signinac -->
  <testcase name="homepageaccess" time="0.0" classname="com.tour.test.SmokeTest">
    <ignored/>
  </testcase> <!-- homepageaccess -->
  <testcase name="outter" time="0.0" classname="com.tour.test.SmokeTest">
    <ignored/>
  </testcase> <!-- outter -->
  <testcase name="outter1" time="0.0" classname="com.tour.test.SmokeTest">
    <ignored/>
  </testcase> <!-- outter1 -->
  <testcase name="bar3" time="0.0" classname="com.tour.test.SmokeTest">
    <ignored/>
  </testcase> <!-- bar3 -->
  <testcase name="bookflight" time="0.0" classname="com.tour.test.SmokeTest">
    <ignored/>
  </testcase> <!-- bookflight -->
  <testcase name="registerac" time="0.0" classname="com.tour.test.SmokeTest">
    <ignored/>
  </testcase> <!-- registerac -->
  <testcase name="check" time="0.0" classname="com.tour.test.SmokeTest">
    <ignored/>
  </testcase> <!-- check -->
</testsuite> <!-- Default test -->
